<?xml version="1.0" encoding="UTF-8"?>
<!-- Generated by org.testng.reporters.JUnitReportReporter -->
<testsuite skipped="0" hostname="LAPTOP-RAB3K5J6" name="com.spotify.showsandepisodes.GetShows" tests="1" failures="0" timestamp="2023-01-05T16:40:26 IST" time="1.966" errors="0">
  <testcase name="test" time="1.966" classname="com.spotify.showsandepisodes.GetShows"/>
  <system-out/>
</testsuite> <!-- com.spotify.showsandepisodes.GetShows -->
