<?xml version="1.0" encoding="UTF-8"?>
<!-- Generated by org.testng.reporters.JUnitReportReporter -->
<testsuite skipped="0" hostname="LAPTOP-RAB3K5J6" name="com.spotify.categories.GetSeveralBrowseCategories" tests="1" failures="0" timestamp="2023-01-04T17:38:11 IST" time="1.892" errors="0">
  <testcase name="test" time="1.892" classname="com.spotify.categories.GetSeveralBrowseCategories"/>
  <system-out/>
</testsuite> <!-- com.spotify.categories.GetSeveralBrowseCategories -->
