<?xml version="1.0" encoding="UTF-8"?>
<!-- Generated by org.testng.reporters.JUnitReportReporter -->
<testsuite skipped="0" hostname="LAPTOP-RAB3K5J6" name="com.spotify.playlist.GetPlaylist" tests="1" failures="0" timestamp="2023-01-05T13:16:06 IST" time="1.889" errors="0">
  <testcase name="test" time="1.889" classname="com.spotify.playlist.GetPlaylist"/>
  <system-out/>
</testsuite> <!-- com.spotify.playlist.GetPlaylist -->
