<?xml version="1.0" encoding="UTF-8"?>
<!-- Generated by org.testng.reporters.JUnitReportReporter -->
<testsuite skipped="0" hostname="LAPTOP-RAB3K5J6" name="com.spotify.tracks.GetTracksAudioFeatures" tests="1" failures="0" timestamp="2023-01-05T11:33:35 IST" time="1.819" errors="0">
  <testcase name="test" time="1.819" classname="com.spotify.tracks.GetTracksAudioFeatures"/>
  <system-out/>
</testsuite> <!-- com.spotify.tracks.GetTracksAudioFeatures -->
