<?xml version="1.0" encoding="UTF-8"?>
<!-- Generated by org.testng.reporters.JUnitReportReporter -->
<testsuite skipped="0" hostname="LAPTOP-RAB3K5J6" name="com.spotify.autorization.Authorization" tests="1" failures="0" timestamp="2023-01-06T17:29:32 IST" time="2.060" errors="0">
  <testcase name="getautorize" time="2.060" classname="com.spotify.autorization.Authorization"/>
  <system-out/>
</testsuite> <!-- com.spotify.autorization.Authorization -->
