<?xml version="1.0" encoding="UTF-8"?>
<!-- Generated by org.testng.reporters.JUnitReportReporter -->
<testsuite skipped="0" hostname="LAPTOP-RAB3K5J6" name="com.spotify.player.GetPlayBackState" tests="1" failures="0" timestamp="2023-01-05T11:15:11 IST" time="1.880" errors="0">
  <testcase name="test" time="1.880" classname="com.spotify.player.GetPlayBackState"/>
  <system-out/>
</testsuite> <!-- com.spotify.player.GetPlayBackState -->
