<?xml version="1.0" encoding="UTF-8"?>
<!-- Generated by org.testng.reporters.JUnitReportReporter -->
<testsuite skipped="0" hostname="LAPTOP-RAB3K5J6" name="com.spotify.genres.GetGenres" tests="1" failures="0" timestamp="2023-01-04T13:30:14 IST" time="1.649" errors="0">
  <testcase name="test" time="1.649" classname="com.spotify.genres.GetGenres"/>
  <system-out/>
</testsuite> <!-- com.spotify.genres.GetGenres -->
