<?xml version="1.0" encoding="UTF-8"?>
<!-- Generated by org.testng.reporters.JUnitReportReporter -->
<testsuite skipped="0" hostname="LAPTOP-RAB3K5J6" name="com.spotify.albums.GetSeveralAlbums" tests="1" failures="0" timestamp="2023-01-04T16:47:34 IST" time="1.857" errors="0">
  <testcase name="test" time="1.857" classname="com.spotify.albums.GetSeveralAlbums"/>
  <system-out/>
</testsuite> <!-- com.spotify.albums.GetSeveralAlbums -->
