<?xml version="1.0" encoding="UTF-8"?>
<!-- Generated by org.testng.reporters.JUnitReportReporter -->
<testsuite skipped="0" hostname="LAPTOP-RAB3K5J6" name="com.spotify.playlist.GetUserPlaylist" tests="1" failures="0" timestamp="2023-01-05T15:38:33 IST" time="1.872" errors="0">
  <testcase name="playlistAdd" time="1.872" classname="com.spotify.playlist.GetUserPlaylist"/>
  <system-out/>
</testsuite> <!-- com.spotify.playlist.GetUserPlaylist -->
