<?xml version="1.0" encoding="UTF-8"?>
<!-- Generated by org.testng.reporters.JUnitReportReporter -->
<testsuite skipped="0" hostname="LAPTOP-RAB3K5J6" name="com.spotify.markets.GetCurrentPlayingTrack" tests="1" failures="0" timestamp="2023-01-05T11:19:50 IST" time="1.787" errors="0">
  <testcase name="test" time="1.787" classname="com.spotify.markets.GetCurrentPlayingTrack"/>
  <system-out/>
</testsuite> <!-- com.spotify.markets.GetCurrentPlayingTrack -->
