<?xml version="1.0" encoding="UTF-8"?>
<!-- Generated by org.testng.reporters.JUnitReportReporter -->
<testsuite skipped="0" hostname="LAPTOP-RAB3K5J6" name="com.spotify.user.GetUserTopList" tests="1" failures="0" timestamp="2023-01-05T10:41:12 IST" time="1.948" errors="0">
  <testcase name="test" time="1.948" classname="com.spotify.user.GetUserTopList"/>
  <system-out/>
</testsuite> <!-- com.spotify.user.GetUserTopList -->
