<?xml version="1.0" encoding="UTF-8"?>
<!-- Generated by org.testng.reporters.JUnitReportReporter -->
<testsuite skipped="0" hostname="LAPTOP-RAB3K5J6" name="com.spotify.markets.GetAvailableDevices" tests="1" failures="0" timestamp="2023-01-05T11:17:58 IST" time="1.859" errors="0">
  <testcase name="test" time="1.859" classname="com.spotify.markets.GetAvailableDevices"/>
  <system-out/>
</testsuite> <!-- com.spotify.markets.GetAvailableDevices -->
