<?xml version="1.0" encoding="UTF-8"?>
<!-- Generated by org.testng.reporters.JUnitReportReporter -->
<testsuite skipped="0" hostname="LAPTOP-RAB3K5J6" name="com.spotify.playlist.GetFeaturedPlaylist" tests="1" failures="0" timestamp="2023-01-05T15:41:50 IST" time="2.615" errors="0">
  <testcase name="test" time="2.615" classname="com.spotify.playlist.GetFeaturedPlaylist"/>
  <system-out/>
</testsuite> <!-- com.spotify.playlist.GetFeaturedPlaylist -->
