<?xml version="1.0" encoding="UTF-8"?>
<!-- Generated by org.testng.reporters.JUnitReportReporter -->
<testsuite skipped="0" hostname="LAPTOP-RAB3K5J6" name="com.spotify.showsandepisodes.SaveEpisodes" tests="1" failures="0" timestamp="2023-01-06T11:22:28 IST" time="1.458" errors="0">
  <testcase name="test" time="1.458" classname="com.spotify.showsandepisodes.SaveEpisodes"/>
  <system-out/>
</testsuite> <!-- com.spotify.showsandepisodes.SaveEpisodes -->
