<?xml version="1.0" encoding="UTF-8"?>
<!-- Generated by org.testng.reporters.JUnitReportReporter -->
<testsuite skipped="0" hostname="LAPTOP-RAB3K5J6" name="com.spotify.showsandepisodes.GetShowsEpisodes" tests="1" failures="0" timestamp="2023-01-05T16:51:04 IST" time="1.941" errors="0">
  <testcase name="playlistAdd" time="1.941" classname="com.spotify.showsandepisodes.GetShowsEpisodes"/>
  <system-out/>
</testsuite> <!-- com.spotify.showsandepisodes.GetShowsEpisodes -->
