<?xml version="1.0" encoding="UTF-8"?>
<!-- Generated by org.testng.reporters.JUnitReportReporter -->
<testsuite skipped="0" hostname="LAPTOP-RAB3K5J6" name="com.spotify.autorization.RenewToken" tests="1" failures="0" timestamp="2023-01-09T10:53:54 IST" time="3.933" errors="0">
  <testcase name="get_Token" time="3.933" classname="com.spotify.autorization.RenewToken"/>
  <system-out/>
</testsuite> <!-- com.spotify.autorization.RenewToken -->
