<?xml version="1.0" encoding="UTF-8"?>
<!-- Generated by org.testng.reporters.JUnitReportReporter -->
<testsuite skipped="0" hostname="LAPTOP-RAB3K5J6" name="com.spotify.categories.GetSingleBrowseCategory" tests="1" failures="0" timestamp="2023-01-04T17:34:24 IST" time="2.399" errors="0">
  <testcase name="test" time="2.399" classname="com.spotify.categories.GetSingleBrowseCategory"/>
  <system-out/>
</testsuite> <!-- com.spotify.categories.GetSingleBrowseCategory -->
