<?xml version="1.0" encoding="UTF-8"?>
<!-- Generated by org.testng.reporters.JUnitReportReporter -->
<testsuite skipped="0" hostname="LAPTOP-RAB3K5J6" name="com.spotify.artists.GetArtistTopTracks" tests="1" failures="0" timestamp="2023-01-04T17:25:25 IST" time="2.017" errors="0">
  <testcase name="test" time="2.017" classname="com.spotify.artists.GetArtistTopTracks"/>
  <system-out/>
</testsuite> <!-- com.spotify.artists.GetArtistTopTracks -->
