<?xml version="1.0" encoding="UTF-8"?>
<!-- Generated by org.testng.reporters.JUnitReportReporter -->
<testsuite skipped="0" hostname="LAPTOP-RAB3K5J6" name="com.spotify.playlist.GetPlaylistCoverImage" tests="1" failures="0" timestamp="2023-01-05T16:19:27 IST" time="2.481" errors="0">
  <testcase name="playlistAdd" time="2.481" classname="com.spotify.playlist.GetPlaylistCoverImage"/>
  <system-out/>
</testsuite> <!-- com.spotify.playlist.GetPlaylistCoverImage -->
