<?xml version="1.0" encoding="UTF-8"?>
<!-- Generated by org.testng.reporters.JUnitReportReporter -->
<testsuite skipped="0" hostname="LAPTOP-RAB3K5J6" name="com.spotify.tracks.GetTracksAudioFeaturesAnalysis" tests="1" failures="0" timestamp="2023-01-05T11:39:49 IST" time="3.939" errors="0">
  <testcase name="test" time="3.939" classname="com.spotify.tracks.GetTracksAudioFeaturesAnalysis"/>
  <system-out/>
</testsuite> <!-- com.spotify.tracks.GetTracksAudioFeaturesAnalysis -->
