<?xml version="1.0" encoding="UTF-8"?>
<!-- Generated by org.testng.reporters.JUnitReportReporter -->
<testsuite skipped="0" hostname="LAPTOP-RAB3K5J6" name="com.spotify.search.GetSearch" tests="1" failures="0" timestamp="2023-01-04T12:12:12 IST" time="2.424" errors="0">
  <testcase name="test" time="2.424" classname="com.spotify.search.GetSearch"/>
  <system-out/>
</testsuite> <!-- com.spotify.search.GetSearch -->
