<?xml version="1.0" encoding="UTF-8"?>
<!-- Generated by org.testng.reporters.JUnitReportReporter -->
<testsuite skipped="0" hostname="LAPTOP-RAB3K5J6" name="com.spotify.albums.GetAlbums" tests="1" failures="0" timestamp="2023-01-04T16:24:34 IST" time="2.046" errors="0">
  <testcase name="test" time="2.046" classname="com.spotify.albums.GetAlbums"/>
  <system-out/>
</testsuite> <!-- com.spotify.albums.GetAlbums -->
