<?xml version="1.0" encoding="UTF-8"?>
<!-- Generated by org.testng.reporters.JUnitReportReporter -->
<testsuite skipped="0" hostname="LAPTOP-RAB3K5J6" name="com.spotify.user.FollowRequest" tests="1" failures="0" timestamp="2023-01-05T11:01:50 IST" time="1.977" errors="0">
  <testcase name="test" time="1.977" classname="com.spotify.user.FollowRequest"/>
  <system-out/>
</testsuite> <!-- com.spotify.user.FollowRequest -->
