<?xml version="1.0" encoding="UTF-8"?>
<!-- Generated by org.testng.reporters.JUnitReportReporter -->
<testsuite skipped="0" hostname="LAPTOP-RAB3K5J6" name="com.spotify.artists.GetArtistRelatedArtists" tests="1" failures="0" timestamp="2023-01-04T17:27:02 IST" time="1.874" errors="0">
  <testcase name="test" time="1.874" classname="com.spotify.artists.GetArtistRelatedArtists"/>
  <system-out/>
</testsuite> <!-- com.spotify.artists.GetArtistRelatedArtists -->
