<?xml version="1.0" encoding="UTF-8"?>
<!-- Generated by org.testng.reporters.JUnitReportReporter -->
<testsuite skipped="0" hostname="LAPTOP-RAB3K5J6" name="com.spotify.playlist.UpdatePlaylist" tests="1" failures="0" timestamp="2023-01-05T13:11:36 IST" time="1.798" errors="0">
  <testcase name="playlistAdd" time="1.798" classname="com.spotify.playlist.UpdatePlaylist"/>
  <system-out/>
</testsuite> <!-- com.spotify.playlist.UpdatePlaylist -->
