<?xml version="1.0" encoding="UTF-8"?>
<!-- Generated by org.testng.reporters.JUnitReportReporter -->
<testsuite skipped="0" hostname="LAPTOP-RAB3K5J6" name="com.spotify.playlist.AddItemsToPlaylist" tests="1" failures="0" timestamp="2023-01-05T15:27:52 IST" time="5.302" errors="0">
  <testcase name="test" time="5.302" classname="com.spotify.playlist.AddItemsToPlaylist"/>
  <system-out/>
</testsuite> <!-- com.spotify.playlist.AddItemsToPlaylist -->
