<?xml version="1.0" encoding="UTF-8"?>
<!-- Generated by org.testng.reporters.JUnitReportReporter -->
<testsuite skipped="0" hostname="LAPTOP-RAB3K5J6" name="com.spotify.albums.CheckUserSavedAlbums" tests="1" failures="0" timestamp="2023-01-06T18:24:35 IST" time="2.292" errors="0">
  <testcase name="test" time="2.292" classname="com.spotify.albums.CheckUserSavedAlbums"/>
  <system-out/>
</testsuite> <!-- com.spotify.albums.CheckUserSavedAlbums -->
