<?xml version="1.0" encoding="UTF-8"?>
<!-- Generated by org.testng.reporters.JUnitReportReporter -->
<testsuite skipped="0" hostname="LAPTOP-RAB3K5J6" name="com.spotify.autorization.GetToken" tests="1" failures="0" timestamp="2023-01-06T17:36:47 IST" time="4.105" errors="0">
  <testcase name="get_token" time="4.105" classname="com.spotify.autorization.GetToken"/>
  <system-out/>
</testsuite> <!-- com.spotify.autorization.GetToken -->
