<?xml version="1.0" encoding="UTF-8"?>
<!-- Generated by org.testng.reporters.JUnitReportReporter -->
<testsuite skipped="0" hostname="LAPTOP-RAB3K5J6" name="com.spotify.user.GetUserProfile" tests="1" failures="0" timestamp="2023-01-05T10:34:20 IST" time="3.492" errors="0">
  <testcase name="test" time="3.492" classname="com.spotify.user.GetUserProfile"/>
  <system-out/>
</testsuite> <!-- com.spotify.user.GetUserProfile -->
