<?xml version="1.0" encoding="UTF-8"?>
<!-- Generated by org.testng.reporters.JUnitReportReporter -->
<testsuite skipped="0" hostname="LAPTOP-RAB3K5J6" name="com.spotify.showsandepisodes.GetSeveralShows" tests="1" failures="0" timestamp="2023-01-06T11:12:41 IST" time="2.391" errors="0">
  <testcase name="test" time="2.391" classname="com.spotify.showsandepisodes.GetSeveralShows"/>
  <system-out/>
</testsuite> <!-- com.spotify.showsandepisodes.GetSeveralShows -->
