<?xml version="1.0" encoding="UTF-8"?>
<!-- Generated by org.testng.reporters.JUnitReportReporter -->
<testsuite skipped="0" hostname="LAPTOP-RAB3K5J6" name="com.spotify.playlist.GetCurrentUserPlaylist" tests="1" failures="0" timestamp="2023-01-05T15:32:29 IST" time="1.939" errors="0">
  <testcase name="test" time="1.939" classname="com.spotify.playlist.GetCurrentUserPlaylist"/>
  <system-out/>
</testsuite> <!-- com.spotify.playlist.GetCurrentUserPlaylist -->
