<?xml version="1.0" encoding="UTF-8"?>
<!-- Generated by org.testng.reporters.JUnitReportReporter -->
<testsuite skipped="0" hostname="LAPTOP-RAB3K5J6" name="com.spotify.albums.GetUserSavedAlbums" tests="1" failures="0" timestamp="2023-01-04T11:08:39 IST" time="2.032" errors="0">
  <testcase name="test" time="2.032" classname="com.spotify.albums.GetUserSavedAlbums"/>
  <system-out/>
</testsuite> <!-- com.spotify.albums.GetUserSavedAlbums -->
