<?xml version="1.0" encoding="UTF-8"?>
<!-- Generated by org.testng.reporters.JUnitReportReporter -->
<testsuite skipped="0" hostname="LAPTOP-RAB3K5J6" name="com.spotify.tracks.GetRecommendations" tests="1" failures="0" timestamp="2023-01-05T11:55:50 IST" time="2.219" errors="0">
  <testcase name="test" time="2.219" classname="com.spotify.tracks.GetRecommendations"/>
  <system-out/>
</testsuite> <!-- com.spotify.tracks.GetRecommendations -->
