<?xml version="1.0" encoding="UTF-8"?>
<!-- Generated by org.testng.reporters.JUnitReportReporter -->
<testsuite skipped="0" hostname="LAPTOP-RAB3K5J6" name="com.spotify.user.GetFollowedArtist" tests="1" failures="0" timestamp="2023-01-05T10:44:41 IST" time="2.945" errors="0">
  <testcase name="test" time="2.945" classname="com.spotify.user.GetFollowedArtist"/>
  <system-out/>
</testsuite> <!-- com.spotify.user.GetFollowedArtist -->
