<?xml version="1.0" encoding="UTF-8"?>
<!-- Generated by org.testng.reporters.JUnitReportReporter -->
<testsuite skipped="0" hostname="LAPTOP-RAB3K5J6" name="com.spotify.user.FollowPlaylist" tests="1" failures="0" timestamp="2023-01-05T11:46:23 IST" time="2.262" errors="0">
  <testcase name="test" time="2.262" classname="com.spotify.user.FollowPlaylist"/>
  <system-out/>
</testsuite> <!-- com.spotify.user.FollowPlaylist -->
