<?xml version="1.0" encoding="UTF-8"?>
<!-- Generated by org.testng.reporters.JUnitReportReporter -->
<testsuite skipped="0" hostname="LAPTOP-RAB3K5J6" name="com.spotify.showsandepisodes.GetSavedShows" tests="1" failures="0" timestamp="2023-01-06T10:45:47 IST" time="1.435" errors="0">
  <testcase name="test" time="1.435" classname="com.spotify.showsandepisodes.GetSavedShows"/>
  <system-out/>
</testsuite> <!-- com.spotify.showsandepisodes.GetSavedShows -->
