<?xml version="1.0" encoding="UTF-8"?>
<!-- Generated by org.testng.reporters.JUnitReportReporter -->
<testsuite skipped="0" hostname="LAPTOP-RAB3K5J6" name="com.spotify.albums.Get_A_Album" tests="1" failures="0" timestamp="2023-01-04T17:49:32 IST" time="2.086" errors="0">
  <testcase name="test" time="2.086" classname="com.spotify.albums.Get_A_Album"/>
  <system-out/>
</testsuite> <!-- com.spotify.albums.Get_A_Album -->
