<?xml version="1.0" encoding="UTF-8"?>
<!-- Generated by org.testng.reporters.JUnitReportReporter -->
<testsuite skipped="0" hostname="LAPTOP-RAB3K5J6" name="com.spotify.tracks.GetUserSavedTracks" tests="1" failures="0" timestamp="2023-01-05T11:43:03 IST" time="2.063" errors="0">
  <testcase name="test" time="2.063" classname="com.spotify.tracks.GetUserSavedTracks"/>
  <system-out/>
</testsuite> <!-- com.spotify.tracks.GetUserSavedTracks -->
